Arguments: 
  /home/ruijadom/.nvm/versions/node/v14.17.3/bin/node /home/linuxbrew/.linuxbrew/Cellar/yarn/1.22.17/libexec/bin/yarn.js start

PATH: 
  /home/ruijadom/.linuxbrew/bin:/home/ruijadom/.vscode-server/bin/ccbaa2d27e38e5afa3e5c21c1c7bef4657064247/bin:/home/ruijadom/.zinit/polaris/sbin:/home/ruijadom/.zinit/polaris/bin:/home/ruijadom/.nvm/versions/node/v14.17.3/bin:/home/ruijadom/.linuxbrew/bin:/home/linuxbrew/.linuxbrew/bin:/home/linuxbrew/.linuxbrew/sbin:/usr/local/sbin:/usr/local/bin:/usr/sbin:/usr/bin:/sbin:/bin:/usr/games:/usr/local/games:/usr/lib/wsl/lib:/mnt/c/Program Files (x86)/Common Files/Intel/Shared Libraries/redist/intel64/compiler:/mnt/c/Program Files (x86)/Intel/Intel(R) Management Engine Components/iCLS/:/mnt/c/Program Files/Intel/Intel(R) Management Engine Components/iCLS/:/mnt/c/Windows/system32:/mnt/c/Windows:/mnt/c/Windows/System32/Wbem:/mnt/c/Windows/System32/WindowsPowerShell/v1.0/:/mnt/c/Windows/System32/OpenSSH/:/mnt/c/Program Files (x86)/Intel/Intel(R) Management Engine Components/DAL:/mnt/c/Program Files/Intel/Intel(R) Management Engine Components/DAL:/mnt/c/Program Files (x86)/Intel/Intel(R) Management Engine Components/IPT:/mnt/c/Program Files/Intel/Intel(R) Management Engine Components/IPT:/mnt/c/Program Files (x86)/NVIDIA Corporation/PhysX/Common:/mnt/c/Program Files/NVIDIA Corporation/NVIDIA NvDLISR:/mnt/c/Program Files/Docker/Docker/resources/bin:/mnt/c/ProgramData/DockerDesktop/version-bin:/mnt/c/Users/ruija/AppData/Local/Microsoft/WindowsApps:/mnt/c/Users/ruija/AppData/Local/Programs/Microsoft VS Code/bin:/mnt/c/Users/ruija/AppData/Local/Programs/Hyper/resources/bin:/mnt/c/Program Files (x86)/BrowserStackLocal/:/home/ruijadom/.config/composer/vendor/bin:/home/ruijadom/.composer/vendor/bin:/home/ruijadom/.config/composer/vendor/bin:/home/ruijadom/.composer/vendor/bin

Yarn version: 
  1.22.17

Node version: 
  14.17.3

Platform: 
  linux x64

Trace: 
  SyntaxError: /home/ruijadom/code/drafts/e2e/cypress-ci/package.json: Unexpected token } in JSON at position 513
      at JSON.parse (<anonymous>)
      at /home/linuxbrew/.linuxbrew/Cellar/yarn/1.22.17/libexec/lib/cli.js:1625:59
      at Generator.next (<anonymous>)
      at step (/home/linuxbrew/.linuxbrew/Cellar/yarn/1.22.17/libexec/lib/cli.js:310:30)
      at /home/linuxbrew/.linuxbrew/Cellar/yarn/1.22.17/libexec/lib/cli.js:321:13

npm manifest: 
  {
    "name": "cypress-ci",
    "version": "1.0.0",
    "scripts": {
      "build": "webpack --mode production",
      "build:dev": "webpack --mode development",
      "build:start": "cd dist && PORT=3001 npx serve",
      "start": "webpack serve --open --mode development",
      "start:live": "webpack serve --open --mode development --live-reload --hot",
      "cy:open": "cypress open --config-file e2e/cypress.json --project test",
      "cy:run": "cypress run --config-file e2e/cypress.json --project test --browser chrome",
    },
    "license": "MIT",
    "author": {
      "name": "Jack Herrington",
      "email": "jherr@pobox.com"
    },
    "devDependencies": {
      "@babel/core": "^7.15.8",
      "@babel/plugin-transform-runtime": "^7.15.8",
      "@babel/preset-env": "^7.15.8",
      "@babel/preset-react": "^7.14.5",
      "@babel/preset-typescript": "^7.10.4",
      "@types/react": "^17.0.2",
      "@types/react-dom": "^17.0.2",
      "autoprefixer": "^10.1.0",
      "babel-loader": "^8.2.2",
      "css-loader": "^6.3.0",
      "cypress": "^9.1.0",
      "html-webpack-plugin": "^5.3.2",
      "postcss": "^8.2.1",
      "postcss-loader": "^4.1.0",
      "start-server-and-test": "^1.14.0",
      "style-loader": "^3.3.0",
      "tailwindcss": "^2.0.2",
      "typescript": "^4.5.2",
      "webpack": "^5.57.1",
      "webpack-cli": "^4.9.0",
      "webpack-dev-server": "^4.3.1"
    },
    "dependencies": {
      "react": "^17.0.2",
      "react-dom": "^17.0.2"
    }
  }

yarn manifest: 
  No manifest

Lockfile: 
  No lockfile
